{"/Users/development/Desktop/KeyM/src/app.ts": {"path":"/Users/development/Desktop/KeyM/src/app.ts","statementMap":{"0":{"start":{"line":1,"column":0},"end":{"line":1,"column":23}},"1":{"start":{"line":2,"column":0},"end":{"line":2,"column":30}},"2":{"start":{"line":3,"column":0},"end":{"line":3,"column":24}},"3":{"start":{"line":4,"column":0},"end":{"line":4,"column":28}},"4":{"start":{"line":5,"column":0},"end":{"line":5,"column":74}},"5":{"start":{"line":6,"column":0},"end":{"line":6,"column":75}},"6":{"start":{"line":7,"column":0},"end":{"line":7,"column":66}},"7":{"start":{"line":8,"column":0},"end":{"line":8,"column":41}},"8":{"start":{"line":9,"column":0},"end":{"line":9,"column":43}},"9":{"start":{"line":10,"column":0},"end":{"line":10,"column":87}},"10":{"start":{"line":12,"column":12},"end":{"line":12,"column":21}},"11":{"start":{"line":13,"column":14},"end":{"line":13,"column":35}},"12":{"start":{"line":15,"column":0},"end":{"line":15,"column":24}},"13":{"start":{"line":16,"column":0},"end":{"line":16,"column":16}},"14":{"start":{"line":17,"column":0},"end":{"line":17,"column":23}},"15":{"start":{"line":18,"column":0},"end":{"line":18,"column":65}},"16":{"start":{"line":20,"column":0},"end":{"line":20,"column":35}},"17":{"start":{"line":21,"column":0},"end":{"line":21,"column":30}},"18":{"start":{"line":23,"column":13},"end":{"line":23,"column":37}},"19":{"start":{"line":25,"column":0},"end":{"line":29,"column":3}},"20":{"start":{"line":26,"column":2},"end":{"line":28,"column":58}},"21":{"start":{"line":30,"column":0},"end":{"line":30,"column":18}},"22":{"start":{"line":32,"column":0},"end":{"line":32,"column":19}}},"fnMap":{"0":{"name":"(anonymous_1)","decl":{"start":{"line":25,"column":17},"end":{"line":25,"column":20}},"loc":{"start":{"line":25,"column":22},"end":{"line":29,"column":1}}}},"branchMap":{"0":{"loc":{"start":{"line":23,"column":13},"end":{"line":23,"column":37}},"type":"binary-expr","locations":[{"start":{"line":23,"column":13},"end":{"line":23,"column":29}},{"start":{"line":23,"column":33},"end":{"line":23,"column":37}}]},"1":{"loc":{"start":{"line":26,"column":2},"end":{"line":28,"column":57}},"type":"cond-expr","locations":[{"start":{"line":27,"column":6},"end":{"line":27,"column":58}},{"start":{"line":28,"column":6},"end":{"line":28,"column":57}}]}},"s":{"0":1,"1":1,"2":1,"3":1,"4":1,"5":1,"6":1,"7":1,"8":1,"9":1,"10":1,"11":1,"12":1,"13":1,"14":1,"15":1,"16":1,"17":1,"18":1,"19":1,"20":1,"21":1,"22":1},"f":{"0":1},"b":{"0":[1,1],"1":[0,1]}}
,"/Users/development/Desktop/KeyM/src/Booking/application/bookingUseCase.ts": {"path":"/Users/development/Desktop/KeyM/src/Booking/application/bookingUseCase.ts","statementMap":{"0":{"start":{"line":3,"column":0},"end":{"line":3,"column":55}},"1":{"start":{"line":4,"column":0},"end":{"line":4,"column":60}},"2":{"start":{"line":5,"column":0},"end":{"line":5,"column":43}},"3":{"start":{"line":8,"column":31},"end":{"line":8,"column":67}},"4":{"start":{"line":11,"column":17},"end":{"line":11,"column":32}},"5":{"start":{"line":12,"column":41},"end":{"line":12,"column":48}},"6":{"start":{"line":14,"column":4},"end":{"line":15,"column":66}},"7":{"start":{"line":15,"column":6},"end":{"line":15,"column":66}},"8":{"start":{"line":16,"column":27},"end":{"line":23,"column":6}},"9":{"start":{"line":26,"column":4},"end":{"line":28,"column":5}},"10":{"start":{"line":27,"column":6},"end":{"line":27,"column":63}},"11":{"start":{"line":30,"column":23},"end":{"line":32,"column":null}},"12":{"start":{"line":34,"column":25},"end":{"line":34,"column":76}},"13":{"start":{"line":35,"column":4},"end":{"line":35,"column":24}},"14":{"start":{"line":39,"column":21},"end":{"line":39,"column":63}},"15":{"start":{"line":40,"column":4},"end":{"line":40,"column":20}},"16":{"start":{"line":44,"column":20},"end":{"line":44,"column":71}},"17":{"start":{"line":45,"column":4},"end":{"line":45,"column":19}},"18":{"start":{"line":49,"column":4},"end":{"line":49,"column":38}},"19":{"start":{"line":56,"column":27},"end":{"line":59,"column":null}},"20":{"start":{"line":61,"column":4},"end":{"line":61,"column":26}},"21":{"start":{"line":7,"column":0},"end":{"line":7,"column":13}}},"fnMap":{"0":{"name":"(anonymous_8)","decl":{"start":{"line":8,"column":2},"end":{"line":8,"column":31}},"loc":{"start":{"line":8,"column":67},"end":{"line":8,"column":71}}},"1":{"name":"(anonymous_9)","decl":{"start":{"line":10,"column":15},"end":{"line":10,"column":25}},"loc":{"start":{"line":10,"column":48},"end":{"line":36,"column":null}}},"2":{"name":"(anonymous_11)","decl":{"start":{"line":38,"column":15},"end":{"line":38,"column":26}},"loc":{"start":{"line":38,"column":26},"end":{"line":41,"column":null}}},"3":{"name":"(anonymous_13)","decl":{"start":{"line":43,"column":15},"end":{"line":43,"column":31}},"loc":{"start":{"line":43,"column":44},"end":{"line":46,"column":null}}},"4":{"name":"(anonymous_15)","decl":{"start":{"line":48,"column":15},"end":{"line":48,"column":34}},"loc":{"start":{"line":48,"column":47},"end":{"line":50,"column":null}}},"5":{"name":"(anonymous_17)","decl":{"start":{"line":52,"column":15},"end":{"line":52,"column":34}},"loc":{"start":{"line":54,"column":32},"end":{"line":62,"column":null}}}},"branchMap":{"0":{"loc":{"start":{"line":14,"column":4},"end":{"line":15,"column":66}},"type":"if","locations":[{"start":{"line":14,"column":4},"end":{"line":15,"column":66}}]},"1":{"loc":{"start":{"line":26,"column":4},"end":{"line":28,"column":5}},"type":"if","locations":[{"start":{"line":26,"column":4},"end":{"line":28,"column":5}}]}},"s":{"0":1,"1":1,"2":1,"3":1,"4":4,"5":4,"6":4,"7":0,"8":4,"9":4,"10":0,"11":4,"12":4,"13":4,"14":1,"15":1,"16":1,"17":1,"18":1,"19":0,"20":0,"21":1},"f":{"0":1,"1":4,"2":1,"3":1,"4":1,"5":0},"b":{"0":[0],"1":[0]}}
,"/Users/development/Desktop/KeyM/src/Booking/domain/booking.value.ts": {"path":"/Users/development/Desktop/KeyM/src/Booking/domain/booking.value.ts","statementMap":{"0":{"start":{"line":11,"column":4},"end":{"line":11,"column":29}},"1":{"start":{"line":12,"column":4},"end":{"line":12,"column":29}},"2":{"start":{"line":13,"column":4},"end":{"line":13,"column":29}},"3":{"start":{"line":14,"column":4},"end":{"line":14,"column":39}},"4":{"start":{"line":15,"column":4},"end":{"line":15,"column":35}},"5":{"start":{"line":3,"column":0},"end":{"line":3,"column":13}}},"fnMap":{"0":{"name":"(anonymous_0)","decl":{"start":{"line":10,"column":2},"end":{"line":10,"column":14}},"loc":{"start":{"line":10,"column":36},"end":{"line":16,"column":3}}}},"branchMap":{},"s":{"0":4,"1":4,"2":4,"3":4,"4":4,"5":1},"f":{"0":4},"b":{}}
,"/Users/development/Desktop/KeyM/src/Booking/infrastructure/controllers/booking.ctrl.ts": {"path":"/Users/development/Desktop/KeyM/src/Booking/infrastructure/controllers/booking.ctrl.ts","statementMap":{"0":{"start":{"line":4,"column":0},"end":{"line":4,"column":57}},"1":{"start":{"line":5,"column":0},"end":{"line":5,"column":61}},"2":{"start":{"line":6,"column":0},"end":{"line":6,"column":29}},"3":{"start":{"line":10,"column":12},"end":{"line":10,"column":42}},"4":{"start":{"line":11,"column":21},"end":{"line":11,"column":50}},"5":{"start":{"line":14,"column":9},"end":{"line":46,"column":4}},"6":{"start":{"line":14,"column":77},"end":{"line":46,"column":4}},"7":{"start":{"line":15,"column":4},"end":{"line":45,"column":5}},"8":{"start":{"line":16,"column":31},"end":{"line":16,"column":63}},"9":{"start":{"line":17,"column":6},"end":{"line":19,"column":7}},"10":{"start":{"line":18,"column":8},"end":{"line":18,"column":75}},"11":{"start":{"line":21,"column":20},"end":{"line":21,"column":60}},"12":{"start":{"line":22,"column":6},"end":{"line":26,"column":7}},"13":{"start":{"line":23,"column":8},"end":{"line":25,"column":11}},"14":{"start":{"line":28,"column":21},"end":{"line":30,"column":null}},"15":{"start":{"line":33,"column":23},"end":{"line":33,"column":40}},"16":{"start":{"line":35,"column":23},"end":{"line":37,"column":null}},"17":{"start":{"line":40,"column":29},"end":{"line":40,"column":78}},"18":{"start":{"line":42,"column":6},"end":{"line":42,"column":55}},"19":{"start":{"line":44,"column":6},"end":{"line":44,"column":73}},"20":{"start":{"line":48,"column":9},"end":{"line":55,"column":4}},"21":{"start":{"line":48,"column":75},"end":{"line":55,"column":4}},"22":{"start":{"line":49,"column":4},"end":{"line":54,"column":5}},"23":{"start":{"line":50,"column":23},"end":{"line":50,"column":62}},"24":{"start":{"line":51,"column":6},"end":{"line":51,"column":49}},"25":{"start":{"line":53,"column":6},"end":{"line":53,"column":73}},"26":{"start":{"line":57,"column":9},"end":{"line":71,"column":4}},"27":{"start":{"line":60,"column":20},"end":{"line":71,"column":4}},"28":{"start":{"line":61,"column":4},"end":{"line":70,"column":5}},"29":{"start":{"line":62,"column":23},"end":{"line":62,"column":33}},"30":{"start":{"line":63,"column":22},"end":{"line":63,"column":70}},"31":{"start":{"line":64,"column":6},"end":{"line":66,"column":7}},"32":{"start":{"line":65,"column":8},"end":{"line":65,"column":79}},"33":{"start":{"line":67,"column":6},"end":{"line":67,"column":48}},"34":{"start":{"line":69,"column":6},"end":{"line":69,"column":73}},"35":{"start":{"line":73,"column":9},"end":{"line":84,"column":4}},"36":{"start":{"line":76,"column":20},"end":{"line":84,"column":4}},"37":{"start":{"line":77,"column":4},"end":{"line":83,"column":5}},"38":{"start":{"line":78,"column":23},"end":{"line":78,"column":33}},"39":{"start":{"line":79,"column":6},"end":{"line":79,"column":58}},"40":{"start":{"line":80,"column":6},"end":{"line":80,"column":71}},"41":{"start":{"line":82,"column":6},"end":{"line":82,"column":73}},"42":{"start":{"line":86,"column":9},"end":{"line":104,"column":4}},"43":{"start":{"line":89,"column":20},"end":{"line":104,"column":4}},"44":{"start":{"line":90,"column":4},"end":{"line":103,"column":5}},"45":{"start":{"line":91,"column":23},"end":{"line":91,"column":33}},"46":{"start":{"line":92,"column":31},"end":{"line":92,"column":63}},"47":{"start":{"line":93,"column":6},"end":{"line":95,"column":7}},"48":{"start":{"line":94,"column":8},"end":{"line":94,"column":75}},"49":{"start":{"line":96,"column":29},"end":{"line":98,"column":null}},"50":{"start":{"line":100,"column":6},"end":{"line":100,"column":55}},"51":{"start":{"line":102,"column":6},"end":{"line":102,"column":73}},"52":{"start":{"line":8,"column":0},"end":{"line":8,"column":13}}},"fnMap":{"0":{"name":"(anonymous_8)","decl":{"start":{"line":9,"column":2},"end":{"line":9,"column":null}},"loc":{"start":{"line":11,"column":68},"end":{"line":12,"column":6}}},"1":{"name":"(anonymous_9)","decl":{"start":{"line":14,"column":25},"end":{"line":14,"column":32}},"loc":{"start":{"line":14,"column":77},"end":{"line":46,"column":4}}},"2":{"name":"(anonymous_10)","decl":{"start":{"line":14,"column":77},"end":{"line":14,"column":null}},"loc":{"start":{"line":14,"column":77},"end":{"line":46,"column":3}}},"3":{"name":"(anonymous_11)","decl":{"start":{"line":48,"column":23},"end":{"line":48,"column":30}},"loc":{"start":{"line":48,"column":75},"end":{"line":55,"column":4}}},"4":{"name":"(anonymous_12)","decl":{"start":{"line":48,"column":75},"end":{"line":48,"column":null}},"loc":{"start":{"line":48,"column":75},"end":{"line":55,"column":3}}},"5":{"name":"(anonymous_13)","decl":{"start":{"line":57,"column":28},"end":{"line":57,"column":null}},"loc":{"start":{"line":60,"column":20},"end":{"line":71,"column":4}}},"6":{"name":"(anonymous_14)","decl":{"start":{"line":60,"column":20},"end":{"line":60,"column":null}},"loc":{"start":{"line":60,"column":20},"end":{"line":71,"column":3}}},"7":{"name":"(anonymous_15)","decl":{"start":{"line":73,"column":31},"end":{"line":73,"column":null}},"loc":{"start":{"line":76,"column":20},"end":{"line":84,"column":4}}},"8":{"name":"(anonymous_16)","decl":{"start":{"line":76,"column":20},"end":{"line":76,"column":null}},"loc":{"start":{"line":76,"column":20},"end":{"line":84,"column":3}}},"9":{"name":"(anonymous_17)","decl":{"start":{"line":86,"column":31},"end":{"line":86,"column":null}},"loc":{"start":{"line":89,"column":20},"end":{"line":104,"column":4}}},"10":{"name":"(anonymous_18)","decl":{"start":{"line":89,"column":20},"end":{"line":89,"column":null}},"loc":{"start":{"line":89,"column":20},"end":{"line":104,"column":3}}}},"branchMap":{"0":{"loc":{"start":{"line":11,"column":21},"end":{"line":11,"column":68}},"type":"default-arg","locations":[{"start":{"line":11,"column":50},"end":{"line":11,"column":68}}]},"1":{"loc":{"start":{"line":17,"column":6},"end":{"line":19,"column":7}},"type":"if","locations":[{"start":{"line":17,"column":6},"end":{"line":19,"column":7}}]},"2":{"loc":{"start":{"line":21,"column":20},"end":{"line":21,"column":60}},"type":"cond-expr","locations":[{"start":{"line":21,"column":45},"end":{"line":21,"column":47}},{"start":{"line":21,"column":45},"end":{"line":21,"column":60}}]},"3":{"loc":{"start":{"line":21,"column":20},"end":{"line":21,"column":47}},"type":"binary-expr","locations":[{"start":{"line":21,"column":20},"end":{"line":21,"column":47}},{"start":{"line":21,"column":45},"end":{"line":21,"column":47}}]},"4":{"loc":{"start":{"line":22,"column":6},"end":{"line":26,"column":7}},"type":"if","locations":[{"start":{"line":22,"column":6},"end":{"line":26,"column":7}}]},"5":{"loc":{"start":{"line":33,"column":23},"end":{"line":33,"column":40}},"type":"cond-expr","locations":[{"start":{"line":33,"column":29},"end":{"line":33,"column":31}},{"start":{"line":33,"column":23},"end":{"line":33,"column":40}}]},"6":{"loc":{"start":{"line":33,"column":23},"end":{"line":33,"column":31}},"type":"binary-expr","locations":[{"start":{"line":33,"column":23},"end":{"line":33,"column":31}},{"start":{"line":33,"column":23},"end":{"line":33,"column":31}}]},"7":{"loc":{"start":{"line":64,"column":6},"end":{"line":66,"column":7}},"type":"if","locations":[{"start":{"line":64,"column":6},"end":{"line":66,"column":7}}]},"8":{"loc":{"start":{"line":93,"column":6},"end":{"line":95,"column":7}},"type":"if","locations":[{"start":{"line":93,"column":6},"end":{"line":95,"column":7}}]}},"s":{"0":1,"1":1,"2":1,"3":1,"4":1,"5":1,"6":4,"7":4,"8":4,"9":4,"10":0,"11":4,"12":4,"13":0,"14":4,"15":4,"16":4,"17":4,"18":4,"19":0,"20":1,"21":1,"22":1,"23":1,"24":1,"25":0,"26":1,"27":1,"28":1,"29":1,"30":1,"31":1,"32":0,"33":1,"34":0,"35":1,"36":1,"37":1,"38":1,"39":1,"40":1,"41":0,"42":1,"43":0,"44":0,"45":0,"46":0,"47":0,"48":0,"49":0,"50":0,"51":0,"52":1},"f":{"0":1,"1":4,"2":4,"3":1,"4":1,"5":1,"6":1,"7":1,"8":1,"9":0,"10":0},"b":{"0":[1],"1":[0],"2":[0,4],"3":[4,4],"4":[0],"5":[0,4],"6":[4,4],"7":[0],"8":[0]}}
,"/Users/development/Desktop/KeyM/src/Booking/infrastructure/database/mongo.ts": {"path":"/Users/development/Desktop/KeyM/src/Booking/infrastructure/database/mongo.ts","statementMap":{"0":{"start":{"line":1,"column":0},"end":{"line":1,"column":23}},"1":{"start":{"line":3,"column":0},"end":{"line":3,"column":32}},"2":{"start":{"line":4,"column":0},"end":{"line":4,"column":57}},"3":{"start":{"line":6,"column":21},"end":{"line":6,"column":39}},"4":{"start":{"line":8,"column":31},"end":{"line":17,"column":2}},"5":{"start":{"line":8,"column":71},"end":{"line":17,"column":2}},"6":{"start":{"line":9,"column":2},"end":{"line":16,"column":3}},"7":{"start":{"line":10,"column":4},"end":{"line":10,"column":60}},"8":{"start":{"line":11,"column":4},"end":{"line":11,"column":50}},"9":{"start":{"line":12,"column":4},"end":{"line":12,"column":68}},"10":{"start":{"line":12,"column":13},"end":{"line":12,"column":68}},"11":{"start":{"line":14,"column":4},"end":{"line":14,"column":64}},"12":{"start":{"line":15,"column":4},"end":{"line":15,"column":68}},"13":{"start":{"line":15,"column":13},"end":{"line":15,"column":68}},"14":{"start":{"line":8,"column":13},"end":{"line":8,"column":31}}},"fnMap":{"0":{"name":"(anonymous_8)","decl":{"start":{"line":8,"column":31},"end":{"line":8,"column":38}},"loc":{"start":{"line":8,"column":71},"end":{"line":17,"column":2}}},"1":{"name":"(anonymous_9)","decl":{"start":{"line":8,"column":71},"end":{"line":8,"column":null}},"loc":{"start":{"line":8,"column":71},"end":{"line":17,"column":1}}}},"branchMap":{"0":{"loc":{"start":{"line":12,"column":4},"end":{"line":12,"column":68}},"type":"if","locations":[{"start":{"line":12,"column":4},"end":{"line":12,"column":68}}]},"1":{"loc":{"start":{"line":15,"column":4},"end":{"line":15,"column":68}},"type":"if","locations":[{"start":{"line":15,"column":4},"end":{"line":15,"column":68}}]}},"s":{"0":1,"1":1,"2":1,"3":1,"4":1,"5":1,"6":1,"7":1,"8":1,"9":1,"10":0,"11":0,"12":0,"13":0,"14":1},"f":{"0":1,"1":1},"b":{"0":[0],"1":[0]}}
,"/Users/development/Desktop/KeyM/src/Booking/infrastructure/documentation/swagger.documentation.ts": {"path":"/Users/development/Desktop/KeyM/src/Booking/infrastructure/documentation/swagger.documentation.ts","statementMap":{"0":{"start":{"line":1,"column":0},"end":{"line":1,"column":23}},"1":{"start":{"line":3,"column":16},"end":{"line":3,"column":36}},"2":{"start":{"line":6,"column":2},"end":{"line":8,"column":29}},"3":{"start":{"line":10,"column":0},"end":{"line":10,"column":3}},"4":{"start":{"line":11,"column":13},"end":{"line":49,"column":2}}},"fnMap":{},"branchMap":{"0":{"loc":{"start":{"line":6,"column":2},"end":{"line":8,"column":29}},"type":"cond-expr","locations":[{"start":{"line":7,"column":6},"end":{"line":7,"column":36}},{"start":{"line":8,"column":6},"end":{"line":8,"column":29}}]}},"s":{"0":1,"1":1,"2":1,"3":1,"4":1},"f":{},"b":{"0":[0,1]}}
,"/Users/development/Desktop/KeyM/src/Booking/infrastructure/error/validation.error.ts": {"path":"/Users/development/Desktop/KeyM/src/Booking/infrastructure/error/validation.error.ts","statementMap":{"0":{"start":{"line":3,"column":0},"end":{"line":3,"column":null}},"1":{"start":{"line":4,"column":2},"end":{"line":4,"column":null}},"2":{"start":{"line":5,"column":2},"end":{"line":5,"column":null}},"3":{"start":{"line":6,"column":2},"end":{"line":6,"column":null}},"4":{"start":{"line":7,"column":2},"end":{"line":7,"column":null}},"5":{"start":{"line":8,"column":2},"end":{"line":8,"column":null}},"6":{"start":{"line":9,"column":2},"end":{"line":9,"column":null}},"7":{"start":{"line":14,"column":4},"end":{"line":18,"column":7}},"8":{"start":{"line":21,"column":4},"end":{"line":25,"column":7}},"9":{"start":{"line":29,"column":4},"end":{"line":33,"column":7}},"10":{"start":{"line":37,"column":4},"end":{"line":41,"column":7}},"11":{"start":{"line":45,"column":4},"end":{"line":49,"column":7}},"12":{"start":{"line":53,"column":4},"end":{"line":57,"column":7}},"13":{"start":{"line":12,"column":0},"end":{"line":12,"column":13}}},"fnMap":{"0":{"name":"(anonymous_0)","decl":{"start":{"line":3,"column":0},"end":{"line":3,"column":12}},"loc":{"start":{"line":3,"column":22},"end":{"line":10,"column":1}}},"1":{"name":"(anonymous_1)","decl":{"start":{"line":13,"column":2},"end":{"line":13,"column":4}},"loc":{"start":{"line":13,"column":30},"end":{"line":19,"column":3}}},"2":{"name":"(anonymous_2)","decl":{"start":{"line":20,"column":2},"end":{"line":20,"column":12}},"loc":{"start":{"line":20,"column":38},"end":{"line":26,"column":3}}},"3":{"name":"(anonymous_3)","decl":{"start":{"line":28,"column":2},"end":{"line":28,"column":10}},"loc":{"start":{"line":28,"column":36},"end":{"line":34,"column":3}}},"4":{"name":"(anonymous_4)","decl":{"start":{"line":36,"column":2},"end":{"line":36,"column":14}},"loc":{"start":{"line":36,"column":40},"end":{"line":42,"column":3}}},"5":{"name":"(anonymous_5)","decl":{"start":{"line":44,"column":2},"end":{"line":44,"column":11}},"loc":{"start":{"line":44,"column":37},"end":{"line":50,"column":3}}},"6":{"name":"(anonymous_6)","decl":{"start":{"line":52,"column":2},"end":{"line":52,"column":7}},"loc":{"start":{"line":52,"column":33},"end":{"line":58,"column":3}}}},"branchMap":{"0":{"loc":{"start":{"line":3,"column":12},"end":{"line":3,"column":null}},"type":"binary-expr","locations":[{"start":{"line":3,"column":12},"end":{"line":3,"column":22}},{"start":{"line":3,"column":22},"end":{"line":3,"column":null}}]}},"s":{"0":1,"1":1,"2":1,"3":1,"4":1,"5":1,"6":1,"7":23,"8":6,"9":0,"10":2,"11":0,"12":0,"13":1},"f":{"0":1,"1":23,"2":6,"3":0,"4":2,"5":0,"6":0},"b":{"0":[1,1]}}
,"/Users/development/Desktop/KeyM/src/Booking/infrastructure/helpers/validation.schema.ts": {"path":"/Users/development/Desktop/KeyM/src/Booking/infrastructure/helpers/validation.schema.ts","statementMap":{"0":{"start":{"line":1,"column":0},"end":{"line":1,"column":22}},"1":{"start":{"line":3,"column":13},"end":{"line":8,"column":3}}},"fnMap":{},"branchMap":{},"s":{"0":1,"1":1},"f":{},"b":{}}
,"/Users/development/Desktop/KeyM/src/Booking/infrastructure/model/booking.model.ts": {"path":"/Users/development/Desktop/KeyM/src/Booking/infrastructure/model/booking.model.ts","statementMap":{"0":{"start":{"line":1,"column":0},"end":{"line":1,"column":32}},"1":{"start":{"line":3,"column":22},"end":{"line":28,"column":null}},"2":{"start":{"line":31,"column":0},"end":{"line":31,"column":56}}},"fnMap":{},"branchMap":{},"s":{"0":1,"1":1,"2":1},"f":{},"b":{}}
,"/Users/development/Desktop/KeyM/src/Booking/infrastructure/repository/mongo.repository.ts": {"path":"/Users/development/Desktop/KeyM/src/Booking/infrastructure/repository/mongo.repository.ts","statementMap":{"0":{"start":{"line":3,"column":0},"end":{"line":3,"column":45}},"1":{"start":{"line":7,"column":23},"end":{"line":7,"column":43}},"2":{"start":{"line":8,"column":4},"end":{"line":8,"column":28}},"3":{"start":{"line":9,"column":4},"end":{"line":9,"column":22}},"4":{"start":{"line":13,"column":21},"end":{"line":13,"column":48}},"5":{"start":{"line":14,"column":4},"end":{"line":14,"column":20}},"6":{"start":{"line":18,"column":20},"end":{"line":18,"column":58}},"7":{"start":{"line":19,"column":4},"end":{"line":19,"column":19}},"8":{"start":{"line":23,"column":4},"end":{"line":23,"column":44}},"9":{"start":{"line":30,"column":4},"end":{"line":30,"column":60}},"10":{"start":{"line":31,"column":4},"end":{"line":31,"column":43}},"11":{"start":{"line":5,"column":0},"end":{"line":5,"column":13}}},"fnMap":{"0":{"name":"(anonymous_8)","decl":{"start":{"line":6,"column":8},"end":{"line":6,"column":18}},"loc":{"start":{"line":6,"column":41},"end":{"line":10,"column":null}}},"1":{"name":"(anonymous_10)","decl":{"start":{"line":12,"column":8},"end":{"line":12,"column":19}},"loc":{"start":{"line":12,"column":19},"end":{"line":15,"column":null}}},"2":{"name":"(anonymous_12)","decl":{"start":{"line":17,"column":8},"end":{"line":17,"column":24}},"loc":{"start":{"line":17,"column":37},"end":{"line":20,"column":null}}},"3":{"name":"(anonymous_14)","decl":{"start":{"line":22,"column":8},"end":{"line":22,"column":27}},"loc":{"start":{"line":22,"column":40},"end":{"line":24,"column":null}}},"4":{"name":"(anonymous_16)","decl":{"start":{"line":26,"column":8},"end":{"line":26,"column":27}},"loc":{"start":{"line":28,"column":32},"end":{"line":32,"column":null}}}},"branchMap":{},"s":{"0":1,"1":4,"2":4,"3":4,"4":1,"5":1,"6":1,"7":1,"8":0,"9":0,"10":0,"11":1},"f":{"0":4,"1":1,"2":1,"3":0,"4":0},"b":{}}
,"/Users/development/Desktop/KeyM/src/Booking/infrastructure/routes/booking.routes.ts": {"path":"/Users/development/Desktop/KeyM/src/Booking/infrastructure/routes/booking.routes.ts","statementMap":{"0":{"start":{"line":1,"column":0},"end":{"line":1,"column":33}},"1":{"start":{"line":2,"column":0},"end":{"line":2,"column":65}},"2":{"start":{"line":3,"column":0},"end":{"line":3,"column":66}},"3":{"start":{"line":4,"column":0},"end":{"line":4,"column":64}},"4":{"start":{"line":5,"column":0},"end":{"line":5,"column":87}},"5":{"start":{"line":7,"column":14},"end":{"line":7,"column":22}},"6":{"start":{"line":9,"column":26},"end":{"line":9,"column":47}},"7":{"start":{"line":10,"column":23},"end":{"line":10,"column":60}},"8":{"start":{"line":11,"column":20},"end":{"line":11,"column":57}},"9":{"start":{"line":109,"column":0},"end":{"line":109,"column":58}},"10":{"start":{"line":125,"column":0},"end":{"line":125,"column":55}},"11":{"start":{"line":148,"column":0},"end":{"line":148,"column":65}},"12":{"start":{"line":171,"column":0},"end":{"line":171,"column":71}},"13":{"start":{"line":224,"column":0},"end":{"line":224,"column":70}},"14":{"start":{"line":226,"column":0},"end":{"line":226,"column":21}}},"fnMap":{},"branchMap":{},"s":{"0":1,"1":1,"2":1,"3":1,"4":1,"5":1,"6":1,"7":1,"8":1,"9":1,"10":1,"11":1,"12":1,"13":1,"14":1},"f":{},"b":{}}
,"/Users/development/Desktop/KeyM/src/User/application/userUseCase.ts": {"path":"/Users/development/Desktop/KeyM/src/User/application/userUseCase.ts","statementMap":{"0":{"start":{"line":5,"column":31},"end":{"line":5,"column":61}},"1":{"start":{"line":7,"column":22},"end":{"line":7,"column":64}},"2":{"start":{"line":8,"column":4},"end":{"line":8,"column":21}},"3":{"start":{"line":12,"column":17},"end":{"line":12,"column":65}},"4":{"start":{"line":13,"column":4},"end":{"line":13,"column":16}},"5":{"start":{"line":4,"column":0},"end":{"line":4,"column":13}}},"fnMap":{"0":{"name":"(anonymous_7)","decl":{"start":{"line":5,"column":2},"end":{"line":5,"column":31}},"loc":{"start":{"line":5,"column":61},"end":{"line":5,"column":65}}},"1":{"name":"(anonymous_8)","decl":{"start":{"line":6,"column":15},"end":{"line":6,"column":22}},"loc":{"start":{"line":6,"column":39},"end":{"line":9,"column":null}}},"2":{"name":"(anonymous_10)","decl":{"start":{"line":11,"column":15},"end":{"line":11,"column":24}},"loc":{"start":{"line":11,"column":48},"end":{"line":14,"column":null}}}},"branchMap":{},"s":{"0":1,"1":9,"2":9,"3":8,"4":8,"5":1},"f":{"0":1,"1":9,"2":8},"b":{}}
,"/Users/development/Desktop/KeyM/src/User/infrastructure/controllers/user.ctrl.ts": {"path":"/Users/development/Desktop/KeyM/src/User/infrastructure/controllers/user.ctrl.ts","statementMap":{"0":{"start":{"line":3,"column":0},"end":{"line":3,"column":86}},"1":{"start":{"line":4,"column":0},"end":{"line":4,"column":71}},"2":{"start":{"line":5,"column":0},"end":{"line":5,"column":39}},"3":{"start":{"line":6,"column":0},"end":{"line":6,"column":28}},"4":{"start":{"line":7,"column":0},"end":{"line":7,"column":55}},"5":{"start":{"line":11,"column":12},"end":{"line":11,"column":36}},"6":{"start":{"line":12,"column":21},"end":{"line":12,"column":50}},"7":{"start":{"line":15,"column":9},"end":{"line":46,"column":4}},"8":{"start":{"line":18,"column":20},"end":{"line":46,"column":4}},"9":{"start":{"line":19,"column":4},"end":{"line":45,"column":5}},"10":{"start":{"line":20,"column":31},"end":{"line":20,"column":56}},"11":{"start":{"line":21,"column":6},"end":{"line":23,"column":7}},"12":{"start":{"line":22,"column":8},"end":{"line":22,"column":75}},"13":{"start":{"line":24,"column":32},"end":{"line":24,"column":71}},"14":{"start":{"line":25,"column":6},"end":{"line":29,"column":7}},"15":{"start":{"line":26,"column":8},"end":{"line":28,"column":11}},"16":{"start":{"line":30,"column":38},"end":{"line":30,"column":43}},"17":{"start":{"line":30,"column":33},"end":{"line":30,"column":38}},"18":{"start":{"line":31,"column":29},"end":{"line":31,"column":60}},"19":{"start":{"line":33,"column":34},"end":{"line":35,"column":null}},"20":{"start":{"line":38,"column":19},"end":{"line":38,"column":73}},"21":{"start":{"line":39,"column":6},"end":{"line":40,"column":75}},"22":{"start":{"line":40,"column":8},"end":{"line":40,"column":75}},"23":{"start":{"line":42,"column":6},"end":{"line":42,"column":79}},"24":{"start":{"line":44,"column":6},"end":{"line":44,"column":73}},"25":{"start":{"line":48,"column":9},"end":{"line":69,"column":4}},"26":{"start":{"line":48,"column":78},"end":{"line":69,"column":4}},"27":{"start":{"line":49,"column":4},"end":{"line":68,"column":5}},"28":{"start":{"line":50,"column":31},"end":{"line":50,"column":57}},"29":{"start":{"line":51,"column":6},"end":{"line":53,"column":7}},"30":{"start":{"line":52,"column":8},"end":{"line":52,"column":75}},"31":{"start":{"line":54,"column":19},"end":{"line":54,"column":58}},"32":{"start":{"line":55,"column":6},"end":{"line":59,"column":7}},"33":{"start":{"line":56,"column":8},"end":{"line":58,"column":11}},"34":{"start":{"line":60,"column":20},"end":{"line":60,"column":37}},"35":{"start":{"line":61,"column":6},"end":{"line":65,"column":9}},"36":{"start":{"line":67,"column":6},"end":{"line":67,"column":73}},"37":{"start":{"line":9,"column":0},"end":{"line":9,"column":13}}},"fnMap":{"0":{"name":"(anonymous_9)","decl":{"start":{"line":10,"column":2},"end":{"line":10,"column":null}},"loc":{"start":{"line":12,"column":68},"end":{"line":13,"column":6}}},"1":{"name":"(anonymous_10)","decl":{"start":{"line":15,"column":22},"end":{"line":15,"column":null}},"loc":{"start":{"line":18,"column":20},"end":{"line":46,"column":4}}},"2":{"name":"(anonymous_11)","decl":{"start":{"line":18,"column":20},"end":{"line":18,"column":null}},"loc":{"start":{"line":17,"column":17},"end":{"line":46,"column":3}}},"3":{"name":"(anonymous_12)","decl":{"start":{"line":48,"column":21},"end":{"line":48,"column":28}},"loc":{"start":{"line":48,"column":78},"end":{"line":69,"column":4}}},"4":{"name":"(anonymous_13)","decl":{"start":{"line":48,"column":78},"end":{"line":48,"column":null}},"loc":{"start":{"line":48,"column":60},"end":{"line":69,"column":3}}}},"branchMap":{"0":{"loc":{"start":{"line":12,"column":21},"end":{"line":12,"column":68}},"type":"default-arg","locations":[{"start":{"line":12,"column":50},"end":{"line":12,"column":68}}]},"1":{"loc":{"start":{"line":21,"column":6},"end":{"line":23,"column":7}},"type":"if","locations":[{"start":{"line":21,"column":6},"end":{"line":23,"column":7}}]},"2":{"loc":{"start":{"line":25,"column":6},"end":{"line":29,"column":7}},"type":"if","locations":[{"start":{"line":25,"column":6},"end":{"line":29,"column":7}}]},"3":{"loc":{"start":{"line":39,"column":6},"end":{"line":40,"column":75}},"type":"if","locations":[{"start":{"line":39,"column":6},"end":{"line":40,"column":75}}]},"4":{"loc":{"start":{"line":51,"column":6},"end":{"line":53,"column":7}},"type":"if","locations":[{"start":{"line":51,"column":6},"end":{"line":53,"column":7}}]},"5":{"loc":{"start":{"line":55,"column":6},"end":{"line":59,"column":7}},"type":"if","locations":[{"start":{"line":55,"column":6},"end":{"line":59,"column":7}}]}},"s":{"0":1,"1":1,"2":1,"3":1,"4":1,"5":1,"6":1,"7":1,"8":13,"9":13,"10":13,"11":13,"12":3,"13":10,"14":10,"15":1,"16":9,"17":9,"18":9,"19":9,"20":9,"21":9,"22":0,"23":9,"24":0,"25":1,"26":9,"27":9,"28":9,"29":9,"30":1,"31":8,"32":8,"33":1,"34":7,"35":7,"36":0,"37":1},"f":{"0":1,"1":13,"2":13,"3":9,"4":9},"b":{"0":[1],"1":[3],"2":[1],"3":[0],"4":[1],"5":[1]}}
,"/Users/development/Desktop/KeyM/src/User/infrastructure/helpers/token.creator.ts": {"path":"/Users/development/Desktop/KeyM/src/User/infrastructure/helpers/token.creator.ts","statementMap":{"0":{"start":{"line":1,"column":0},"end":{"line":1,"column":29}},"1":{"start":{"line":2,"column":0},"end":{"line":2,"column":28}},"2":{"start":{"line":4,"column":0},"end":{"line":4,"column":23}},"3":{"start":{"line":12,"column":27},"end":{"line":20,"column":1}},"4":{"start":{"line":13,"column":30},"end":{"line":13,"column":64}},"5":{"start":{"line":14,"column":27},"end":{"line":18,"column":4}},"6":{"start":{"line":19,"column":2},"end":{"line":19,"column":42}},"7":{"start":{"line":12,"column":13},"end":{"line":12,"column":27}}},"fnMap":{"0":{"name":"(anonymous_1)","decl":{"start":{"line":12,"column":27},"end":{"line":12,"column":28}},"loc":{"start":{"line":12,"column":48},"end":{"line":20,"column":1}}}},"branchMap":{},"s":{"0":1,"1":1,"2":1,"3":1,"4":7,"5":7,"6":7,"7":1},"f":{"0":7},"b":{}}
,"/Users/development/Desktop/KeyM/src/User/infrastructure/helpers/validation.schema.ts": {"path":"/Users/development/Desktop/KeyM/src/User/infrastructure/helpers/validation.schema.ts","statementMap":{"0":{"start":{"line":1,"column":0},"end":{"line":1,"column":22}},"1":{"start":{"line":3,"column":13},"end":{"line":7,"column":3}},"2":{"start":{"line":10,"column":13},"end":{"line":13,"column":3}}},"fnMap":{},"branchMap":{},"s":{"0":1,"1":1,"2":1},"f":{},"b":{}}
,"/Users/development/Desktop/KeyM/src/User/infrastructure/middleware/auth.validator.ts": {"path":"/Users/development/Desktop/KeyM/src/User/infrastructure/middleware/auth.validator.ts","statementMap":{"0":{"start":{"line":7,"column":0},"end":{"line":7,"column":16}},"1":{"start":{"line":2,"column":0},"end":{"line":2,"column":29}},"2":{"start":{"line":3,"column":0},"end":{"line":3,"column":28}},"3":{"start":{"line":4,"column":0},"end":{"line":4,"column":86}},"4":{"start":{"line":8,"column":23},"end":{"line":8,"column":41}},"5":{"start":{"line":9,"column":31},"end":{"line":9,"column":65}},"6":{"start":{"line":11,"column":2},"end":{"line":14,"column":3}},"7":{"start":{"line":12,"column":4},"end":{"line":12,"column":51}},"8":{"start":{"line":13,"column":4},"end":{"line":13,"column":11}},"9":{"start":{"line":16,"column":14},"end":{"line":16,"column":53}},"10":{"start":{"line":18,"column":2},"end":{"line":28,"column":3}},"11":{"start":{"line":19,"column":20},"end":{"line":19,"column":51}},"12":{"start":{"line":20,"column":4},"end":{"line":23,"column":5}},"13":{"start":{"line":21,"column":6},"end":{"line":21,"column":57}},"14":{"start":{"line":22,"column":6},"end":{"line":22,"column":13}},"15":{"start":{"line":24,"column":4},"end":{"line":24,"column":17}},"16":{"start":{"line":25,"column":4},"end":{"line":25,"column":11}},"17":{"start":{"line":27,"column":4},"end":{"line":27,"column":50}}},"fnMap":{"0":{"name":"validateToken","decl":{"start":{"line":7,"column":16},"end":{"line":7,"column":29}},"loc":{"start":{"line":7,"column":77},"end":{"line":29,"column":1}}}},"branchMap":{"0":{"loc":{"start":{"line":11,"column":2},"end":{"line":14,"column":3}},"type":"if","locations":[{"start":{"line":11,"column":2},"end":{"line":14,"column":3}}]},"1":{"loc":{"start":{"line":20,"column":4},"end":{"line":23,"column":5}},"type":"if","locations":[{"start":{"line":20,"column":4},"end":{"line":23,"column":5}}]}},"s":{"0":1,"1":1,"2":1,"3":1,"4":9,"5":9,"6":9,"7":2,"8":2,"9":7,"10":7,"11":7,"12":7,"13":0,"14":0,"15":7,"16":7,"17":0},"f":{"0":9},"b":{"0":[2],"1":[0]}}
,"/Users/development/Desktop/KeyM/src/User/infrastructure/model/user.model.ts": {"path":"/Users/development/Desktop/KeyM/src/User/infrastructure/model/user.model.ts","statementMap":{"0":{"start":{"line":1,"column":0},"end":{"line":1,"column":32}},"1":{"start":{"line":3,"column":19},"end":{"line":18,"column":null}},"2":{"start":{"line":21,"column":0},"end":{"line":21,"column":50}}},"fnMap":{},"branchMap":{},"s":{"0":1,"1":1,"2":1},"f":{},"b":{}}
,"/Users/development/Desktop/KeyM/src/User/infrastructure/repository/mongo.repository.ts": {"path":"/Users/development/Desktop/KeyM/src/User/infrastructure/repository/mongo.repository.ts","statementMap":{"0":{"start":{"line":3,"column":0},"end":{"line":3,"column":39}},"1":{"start":{"line":4,"column":0},"end":{"line":4,"column":28}},"2":{"start":{"line":8,"column":20},"end":{"line":8,"column":34}},"3":{"start":{"line":9,"column":4},"end":{"line":9,"column":25}},"4":{"start":{"line":10,"column":4},"end":{"line":10,"column":19}},"5":{"start":{"line":13,"column":17},"end":{"line":13,"column":65}},"6":{"start":{"line":14,"column":4},"end":{"line":14,"column":27}},"7":{"start":{"line":14,"column":15},"end":{"line":14,"column":27}},"8":{"start":{"line":15,"column":20},"end":{"line":15,"column":77}},"9":{"start":{"line":16,"column":4},"end":{"line":16,"column":30}},"10":{"start":{"line":16,"column":18},"end":{"line":16,"column":30}},"11":{"start":{"line":17,"column":4},"end":{"line":17,"column":16}},"12":{"start":{"line":6,"column":0},"end":{"line":6,"column":13}}},"fnMap":{"0":{"name":"(anonymous_8)","decl":{"start":{"line":7,"column":8},"end":{"line":7,"column":18}},"loc":{"start":{"line":7,"column":35},"end":{"line":11,"column":null}}},"1":{"name":"(anonymous_10)","decl":{"start":{"line":12,"column":8},"end":{"line":12,"column":17}},"loc":{"start":{"line":12,"column":41},"end":{"line":18,"column":null}}}},"branchMap":{"0":{"loc":{"start":{"line":14,"column":4},"end":{"line":14,"column":27}},"type":"if","locations":[{"start":{"line":14,"column":4},"end":{"line":14,"column":27}}]},"1":{"loc":{"start":{"line":16,"column":4},"end":{"line":16,"column":30}},"type":"if","locations":[{"start":{"line":16,"column":4},"end":{"line":16,"column":30}}]}},"s":{"0":1,"1":1,"2":9,"3":9,"4":9,"5":8,"6":8,"7":1,"8":7,"9":7,"10":0,"11":7,"12":1},"f":{"0":9,"1":8},"b":{"0":[1],"1":[0]}}
,"/Users/development/Desktop/KeyM/src/User/infrastructure/routes/user.routes.ts": {"path":"/Users/development/Desktop/KeyM/src/User/infrastructure/routes/user.routes.ts","statementMap":{"0":{"start":{"line":1,"column":0},"end":{"line":1,"column":33}},"1":{"start":{"line":2,"column":0},"end":{"line":2,"column":65}},"2":{"start":{"line":3,"column":0},"end":{"line":3,"column":60}},"3":{"start":{"line":4,"column":0},"end":{"line":4,"column":58}},"4":{"start":{"line":6,"column":14},"end":{"line":6,"column":22}},"5":{"start":{"line":8,"column":23},"end":{"line":8,"column":44}},"6":{"start":{"line":9,"column":20},"end":{"line":9,"column":51}},"7":{"start":{"line":10,"column":17},"end":{"line":10,"column":48}},"8":{"start":{"line":66,"column":0},"end":{"line":66,"column":37}},"9":{"start":{"line":114,"column":0},"end":{"line":114,"column":40}},"10":{"start":{"line":115,"column":0},"end":{"line":115,"column":21}}},"fnMap":{},"branchMap":{},"s":{"0":1,"1":1,"2":1,"3":1,"4":1,"5":1,"6":1,"7":1,"8":1,"9":1,"10":1},"f":{},"b":{}}
,"/Users/development/Desktop/KeyM/src/test/setup.ts": {"path":"/Users/development/Desktop/KeyM/src/test/setup.ts","statementMap":{"0":{"start":{"line":1,"column":0},"end":{"line":1,"column":23}},"1":{"start":{"line":2,"column":0},"end":{"line":2,"column":32}},"2":{"start":{"line":4,"column":39},"end":{"line":4,"column":43}},"3":{"start":{"line":6,"column":29},"end":{"line":10,"column":2}},"4":{"start":{"line":6,"column":40},"end":{"line":10,"column":2}},"5":{"start":{"line":7,"column":2},"end":{"line":9,"column":3}},"6":{"start":{"line":8,"column":4},"end":{"line":8,"column":71}},"7":{"start":{"line":6,"column":13},"end":{"line":6,"column":29}},"8":{"start":{"line":12,"column":32},"end":{"line":17,"column":2}},"9":{"start":{"line":12,"column":43},"end":{"line":17,"column":2}},"10":{"start":{"line":13,"column":2},"end":{"line":16,"column":3}},"11":{"start":{"line":14,"column":4},"end":{"line":14,"column":38}},"12":{"start":{"line":15,"column":4},"end":{"line":15,"column":20}},"13":{"start":{"line":12,"column":13},"end":{"line":12,"column":32}}},"fnMap":{"0":{"name":"(anonymous_8)","decl":{"start":{"line":6,"column":29},"end":{"line":6,"column":38}},"loc":{"start":{"line":6,"column":40},"end":{"line":10,"column":2}}},"1":{"name":"(anonymous_9)","decl":{"start":{"line":6,"column":40},"end":{"line":6,"column":null}},"loc":{"start":{"line":6,"column":40},"end":{"line":10,"column":1}}},"2":{"name":"(anonymous_10)","decl":{"start":{"line":12,"column":32},"end":{"line":12,"column":41}},"loc":{"start":{"line":12,"column":43},"end":{"line":17,"column":2}}},"3":{"name":"(anonymous_11)","decl":{"start":{"line":12,"column":43},"end":{"line":12,"column":null}},"loc":{"start":{"line":12,"column":43},"end":{"line":17,"column":1}}}},"branchMap":{"0":{"loc":{"start":{"line":7,"column":2},"end":{"line":9,"column":3}},"type":"if","locations":[{"start":{"line":7,"column":2},"end":{"line":9,"column":3}}]},"1":{"loc":{"start":{"line":13,"column":2},"end":{"line":16,"column":3}},"type":"if","locations":[{"start":{"line":13,"column":2},"end":{"line":16,"column":3}}]}},"s":{"0":1,"1":1,"2":1,"3":1,"4":1,"5":1,"6":1,"7":1,"8":1,"9":1,"10":1,"11":1,"12":1,"13":1},"f":{"0":1,"1":1,"2":1,"3":1},"b":{"0":[1],"1":[1]}}
}
