TN:
SF:src/app.ts
FN:25,(anonymous_1)
FNF:1
FNH:1
FNDA:1,(anonymous_1)
DA:1,1
DA:2,1
DA:3,1
DA:4,1
DA:5,1
DA:6,1
DA:7,1
DA:8,1
DA:9,1
DA:10,1
DA:12,1
DA:13,1
DA:15,1
DA:16,1
DA:17,1
DA:18,1
DA:20,1
DA:21,1
DA:23,1
DA:25,1
DA:26,1
DA:30,1
DA:32,1
LF:23
LH:23
BRDA:23,0,0,1
BRDA:23,0,1,1
BRDA:26,1,0,0
BRDA:26,1,1,1
BRF:4
BRH:3
end_of_record
TN:
SF:src/Booking/application/bookingUseCase.ts
FN:8,(anonymous_8)
FN:10,(anonymous_9)
FN:38,(anonymous_11)
FN:43,(anonymous_13)
FN:48,(anonymous_15)
FN:52,(anonymous_17)
FNF:6
FNH:5
FNDA:1,(anonymous_8)
FNDA:4,(anonymous_9)
FNDA:1,(anonymous_11)
FNDA:1,(anonymous_13)
FNDA:1,(anonymous_15)
FNDA:0,(anonymous_17)
DA:3,1
DA:4,1
DA:5,1
DA:7,1
DA:8,1
DA:11,4
DA:12,4
DA:14,4
DA:15,0
DA:16,4
DA:26,4
DA:27,0
DA:30,4
DA:34,4
DA:35,4
DA:39,1
DA:40,1
DA:44,1
DA:45,1
DA:49,1
DA:56,0
DA:61,0
LF:22
LH:18
BRDA:14,0,0,0
BRDA:26,1,0,0
BRF:2
BRH:0
end_of_record
TN:
SF:src/Booking/domain/booking.value.ts
FN:10,(anonymous_0)
FNF:1
FNH:1
FNDA:4,(anonymous_0)
DA:3,1
DA:11,4
DA:12,4
DA:13,4
DA:14,4
DA:15,4
LF:6
LH:6
BRF:0
BRH:0
end_of_record
TN:
SF:src/Booking/infrastructure/controllers/booking.ctrl.ts
FN:9,(anonymous_8)
FN:14,(anonymous_9)
FN:14,(anonymous_10)
FN:48,(anonymous_11)
FN:48,(anonymous_12)
FN:57,(anonymous_13)
FN:60,(anonymous_14)
FN:73,(anonymous_15)
FN:76,(anonymous_16)
FN:86,(anonymous_17)
FN:89,(anonymous_18)
FNF:11
FNH:9
FNDA:1,(anonymous_8)
FNDA:4,(anonymous_9)
FNDA:4,(anonymous_10)
FNDA:1,(anonymous_11)
FNDA:1,(anonymous_12)
FNDA:1,(anonymous_13)
FNDA:1,(anonymous_14)
FNDA:1,(anonymous_15)
FNDA:1,(anonymous_16)
FNDA:0,(anonymous_17)
FNDA:0,(anonymous_18)
DA:4,1
DA:5,1
DA:6,1
DA:8,1
DA:10,1
DA:11,1
DA:14,4
DA:15,4
DA:16,4
DA:17,4
DA:18,0
DA:21,4
DA:22,4
DA:23,0
DA:28,4
DA:33,4
DA:35,4
DA:40,4
DA:42,4
DA:44,0
DA:48,1
DA:49,1
DA:50,1
DA:51,1
DA:53,0
DA:57,1
DA:60,1
DA:61,1
DA:62,1
DA:63,1
DA:64,1
DA:65,0
DA:67,1
DA:69,0
DA:73,1
DA:76,1
DA:77,1
DA:78,1
DA:79,1
DA:80,1
DA:82,0
DA:86,1
DA:89,0
DA:90,0
DA:91,0
DA:92,0
DA:93,0
DA:94,0
DA:96,0
DA:100,0
DA:102,0
LF:51
LH:35
BRDA:11,0,0,1
BRDA:17,1,0,0
BRDA:21,2,0,0
BRDA:21,2,1,4
BRDA:21,3,0,4
BRDA:21,3,1,4
BRDA:22,4,0,0
BRDA:33,5,0,0
BRDA:33,5,1,4
BRDA:33,6,0,4
BRDA:33,6,1,4
BRDA:64,7,0,0
BRDA:93,8,0,0
BRF:13
BRH:7
end_of_record
TN:
SF:src/Booking/infrastructure/database/mongo.ts
FN:8,(anonymous_8)
FN:8,(anonymous_9)
FNF:2
FNH:2
FNDA:1,(anonymous_8)
FNDA:1,(anonymous_9)
DA:1,1
DA:3,1
DA:4,1
DA:6,1
DA:8,1
DA:9,1
DA:10,1
DA:11,1
DA:12,1
DA:14,0
DA:15,0
LF:11
LH:9
BRDA:12,0,0,0
BRDA:15,1,0,0
BRF:2
BRH:0
end_of_record
TN:
SF:src/Booking/infrastructure/documentation/swagger.documentation.ts
FNF:0
FNH:0
DA:1,1
DA:3,1
DA:6,1
DA:10,1
DA:11,1
LF:5
LH:5
BRDA:6,0,0,0
BRDA:6,0,1,1
BRF:2
BRH:1
end_of_record
TN:
SF:src/Booking/infrastructure/error/validation.error.ts
FN:3,(anonymous_0)
FN:13,(anonymous_1)
FN:20,(anonymous_2)
FN:28,(anonymous_3)
FN:36,(anonymous_4)
FN:44,(anonymous_5)
FN:52,(anonymous_6)
FNF:7
FNH:4
FNDA:1,(anonymous_0)
FNDA:23,(anonymous_1)
FNDA:6,(anonymous_2)
FNDA:0,(anonymous_3)
FNDA:2,(anonymous_4)
FNDA:0,(anonymous_5)
FNDA:0,(anonymous_6)
DA:3,1
DA:4,1
DA:5,1
DA:6,1
DA:7,1
DA:8,1
DA:9,1
DA:12,1
DA:14,23
DA:21,6
DA:29,0
DA:37,2
DA:45,0
DA:53,0
LF:14
LH:11
BRDA:3,0,0,1
BRDA:3,0,1,1
BRF:2
BRH:2
end_of_record
TN:
SF:src/Booking/infrastructure/helpers/validation.schema.ts
FNF:0
FNH:0
DA:1,1
DA:3,1
LF:2
LH:2
BRF:0
BRH:0
end_of_record
TN:
SF:src/Booking/infrastructure/model/booking.model.ts
FNF:0
FNH:0
DA:1,1
DA:3,1
DA:31,1
LF:3
LH:3
BRF:0
BRH:0
end_of_record
TN:
SF:src/Booking/infrastructure/repository/mongo.repository.ts
FN:6,(anonymous_8)
FN:12,(anonymous_10)
FN:17,(anonymous_12)
FN:22,(anonymous_14)
FN:26,(anonymous_16)
FNF:5
FNH:3
FNDA:4,(anonymous_8)
FNDA:1,(anonymous_10)
FNDA:1,(anonymous_12)
FNDA:0,(anonymous_14)
FNDA:0,(anonymous_16)
DA:3,1
DA:5,1
DA:7,4
DA:8,4
DA:9,4
DA:13,1
DA:14,1
DA:18,1
DA:19,1
DA:23,0
DA:30,0
DA:31,0
LF:12
LH:9
BRF:0
BRH:0
end_of_record
TN:
SF:src/Booking/infrastructure/routes/booking.routes.ts
FNF:0
FNH:0
DA:1,1
DA:2,1
DA:3,1
DA:4,1
DA:5,1
DA:7,1
DA:9,1
DA:10,1
DA:11,1
DA:109,1
DA:125,1
DA:148,1
DA:171,1
DA:224,1
DA:226,1
LF:15
LH:15
BRF:0
BRH:0
end_of_record
TN:
SF:src/User/application/userUseCase.ts
FN:5,(anonymous_7)
FN:6,(anonymous_8)
FN:11,(anonymous_10)
FNF:3
FNH:3
FNDA:1,(anonymous_7)
FNDA:9,(anonymous_8)
FNDA:8,(anonymous_10)
DA:4,1
DA:5,1
DA:7,9
DA:8,9
DA:12,8
DA:13,8
LF:6
LH:6
BRF:0
BRH:0
end_of_record
TN:
SF:src/User/infrastructure/controllers/user.ctrl.ts
FN:10,(anonymous_9)
FN:15,(anonymous_10)
FN:18,(anonymous_11)
FN:48,(anonymous_12)
FN:48,(anonymous_13)
FNF:5
FNH:5
FNDA:1,(anonymous_9)
FNDA:13,(anonymous_10)
FNDA:13,(anonymous_11)
FNDA:9,(anonymous_12)
FNDA:9,(anonymous_13)
DA:3,1
DA:4,1
DA:5,1
DA:6,1
DA:7,1
DA:9,1
DA:11,1
DA:12,1
DA:15,1
DA:18,13
DA:19,13
DA:20,13
DA:21,13
DA:22,3
DA:24,10
DA:25,10
DA:26,1
DA:30,9
DA:31,9
DA:33,9
DA:38,9
DA:39,9
DA:40,0
DA:42,9
DA:44,0
DA:48,9
DA:49,9
DA:50,9
DA:51,9
DA:52,1
DA:54,8
DA:55,8
DA:56,1
DA:60,7
DA:61,7
DA:67,0
LF:36
LH:33
BRDA:12,0,0,1
BRDA:21,1,0,3
BRDA:25,2,0,1
BRDA:39,3,0,0
BRDA:51,4,0,1
BRDA:55,5,0,1
BRF:6
BRH:5
end_of_record
TN:
SF:src/User/infrastructure/helpers/token.creator.ts
FN:12,(anonymous_1)
FNF:1
FNH:1
FNDA:7,(anonymous_1)
DA:1,1
DA:2,1
DA:4,1
DA:12,1
DA:13,7
DA:14,7
DA:19,7
LF:7
LH:7
BRF:0
BRH:0
end_of_record
TN:
SF:src/User/infrastructure/helpers/validation.schema.ts
FNF:0
FNH:0
DA:1,1
DA:3,1
DA:10,1
LF:3
LH:3
BRF:0
BRH:0
end_of_record
TN:
SF:src/User/infrastructure/middleware/auth.validator.ts
FN:7,validateToken
FNF:1
FNH:1
FNDA:9,validateToken
DA:2,1
DA:3,1
DA:4,1
DA:7,1
DA:8,9
DA:9,9
DA:11,9
DA:12,2
DA:13,2
DA:16,7
DA:18,7
DA:19,7
DA:20,7
DA:21,0
DA:22,0
DA:24,7
DA:25,7
DA:27,0
LF:18
LH:15
BRDA:11,0,0,2
BRDA:20,1,0,0
BRF:2
BRH:1
end_of_record
TN:
SF:src/User/infrastructure/model/user.model.ts
FNF:0
FNH:0
DA:1,1
DA:3,1
DA:21,1
LF:3
LH:3
BRF:0
BRH:0
end_of_record
TN:
SF:src/User/infrastructure/repository/mongo.repository.ts
FN:7,(anonymous_8)
FN:12,(anonymous_10)
FNF:2
FNH:2
FNDA:9,(anonymous_8)
FNDA:8,(anonymous_10)
DA:3,1
DA:4,1
DA:6,1
DA:8,9
DA:9,9
DA:10,9
DA:13,8
DA:14,8
DA:15,7
DA:16,7
DA:17,7
LF:11
LH:11
BRDA:14,0,0,1
BRDA:16,1,0,0
BRF:2
BRH:1
end_of_record
TN:
SF:src/User/infrastructure/routes/user.routes.ts
FNF:0
FNH:0
DA:1,1
DA:2,1
DA:3,1
DA:4,1
DA:6,1
DA:8,1
DA:9,1
DA:10,1
DA:66,1
DA:114,1
DA:115,1
LF:11
LH:11
BRF:0
BRH:0
end_of_record
TN:
SF:src/test/setup.ts
FN:6,(anonymous_8)
FN:6,(anonymous_9)
FN:12,(anonymous_10)
FN:12,(anonymous_11)
FNF:4
FNH:4
FNDA:1,(anonymous_8)
FNDA:1,(anonymous_9)
FNDA:1,(anonymous_10)
FNDA:1,(anonymous_11)
DA:1,1
DA:2,1
DA:4,1
DA:6,1
DA:7,1
DA:8,1
DA:12,1
DA:13,1
DA:14,1
DA:15,1
LF:10
LH:10
BRDA:7,0,0,1
BRDA:13,1,0,1
BRF:2
BRH:2
end_of_record
